<?xml version="1.0" encoding="UTF-8"?>
<coverage generated="1579895722480" clover="3.2.0">
  <project timestamp="1579895722480" name="All files">
    <metrics statements="30" coveredstatements="30" conditionals="15" coveredconditionals="15" methods="12" coveredmethods="12" elements="57" coveredelements="57" complexity="0" loc="30" ncloc="30" packages="1" files="1" classes="1"/>
    <file name="game.js" path="/Users/sajad/Downloads/sideproject/Game_of_Life_Jest_TDD/game.js">
      <metrics statements="30" coveredstatements="30" conditionals="15" coveredconditionals="15" methods="12" coveredmethods="12"/>
      <line num="1" count="1" type="stmt"/>
      <line num="2" count="13" type="cond" truecount="5" falsecount="0"/>
      <line num="4" count="5" type="stmt"/>
      <line num="6" count="1" type="stmt"/>
      <line num="7" count="72" type="cond" truecount="2" falsecount="0"/>
      <line num="10" count="1" type="stmt"/>
      <line num="11" count="15" type="cond" truecount="2" falsecount="0"/>
      <line num="17" count="1" type="stmt"/>
      <line num="18" count="15" type="cond" truecount="2" falsecount="0"/>
      <line num="25" count="1" type="stmt"/>
      <line num="26" count="15" type="stmt"/>
      <line num="27" count="15" type="stmt"/>
      <line num="35" count="1" type="stmt"/>
      <line num="36" count="14" type="stmt"/>
      <line num="37" count="14" type="stmt"/>
      <line num="38" count="14" type="stmt"/>
      <line num="41" count="1" type="stmt"/>
      <line num="43" count="2" type="stmt"/>
      <line num="44" count="2" type="stmt"/>
      <line num="45" count="2" type="stmt"/>
      <line num="48" count="2" type="stmt"/>
      <line num="49" count="8" type="cond" truecount="2" falsecount="0"/>
      <line num="50" count="4" type="stmt"/>
      <line num="51" count="4" type="stmt"/>
      <line num="53" count="8" type="cond" truecount="2" falsecount="0"/>
      <line num="54" count="8" type="stmt"/>
      <line num="56" count="2" type="stmt"/>
      <line num="57" count="2" type="stmt"/>
      <line num="60" count="9" type="stmt"/>
      <line num="62" count="1" type="stmt"/>
    </file>
  </project>
</coverage>
