{"/Users/sajad/Downloads/sideproject/Game_of_Life_Jest_TDD/game.js": {"path":"/Users/sajad/Downloads/sideproject/Game_of_Life_Jest_TDD/game.js","statementMap":{"0":{"start":{"line":1,"column":16},"end":{"line":2,"column":54}},"1":{"start":{"line":2,"column":2},"end":{"line":2,"column":54}},"2":{"start":{"line":4,"column":17},"end":{"line":4,"column":57}},"3":{"start":{"line":4,"column":27},"end":{"line":4,"column":57}},"4":{"start":{"line":6,"column":12},"end":{"line":8,"column":1}},"5":{"start":{"line":7,"column":2},"end":{"line":7,"column":79}},"6":{"start":{"line":7,"column":47},"end":{"line":7,"column":75}},"7":{"start":{"line":10,"column":25},"end":{"line":15,"column":10}},"8":{"start":{"line":11,"column":2},"end":{"line":15,"column":10}},"9":{"start":{"line":17,"column":26},"end":{"line":22,"column":8}},"10":{"start":{"line":18,"column":0},"end":{"line":22,"column":8}},"11":{"start":{"line":25,"column":24},"end":{"line":33,"column":1}},"12":{"start":{"line":26,"column":16},"end":{"line":26,"column":39}},"13":{"start":{"line":27,"column":2},"end":{"line":32,"column":3}},"14":{"start":{"line":35,"column":22},"end":{"line":39,"column":1}},"15":{"start":{"line":36,"column":18},"end":{"line":36,"column":47}},"16":{"start":{"line":37,"column":2},"end":{"line":37,"column":31}},"17":{"start":{"line":38,"column":2},"end":{"line":38,"column":16}},"18":{"start":{"line":41,"column":17},"end":{"line":58,"column":1}},"19":{"start":{"line":43,"column":16},"end":{"line":43,"column":39}},"20":{"start":{"line":44,"column":15},"end":{"line":44,"column":46}},"21":{"start":{"line":45,"column":20},"end":{"line":45,"column":46}},"22":{"start":{"line":48,"column":2},"end":{"line":55,"column":5}},"23":{"start":{"line":49,"column":4},"end":{"line":52,"column":5}},"24":{"start":{"line":50,"column":6},"end":{"line":50,"column":32}},"25":{"start":{"line":51,"column":6},"end":{"line":51,"column":32}},"26":{"start":{"line":53,"column":19},"end":{"line":53,"column":70}},"27":{"start":{"line":54,"column":4},"end":{"line":54,"column":33}},"28":{"start":{"line":56,"column":2},"end":{"line":56,"column":21}},"29":{"start":{"line":57,"column":2},"end":{"line":57,"column":29}},"30":{"start":{"line":60,"column":19},"end":{"line":60,"column":99}},"31":{"start":{"line":60,"column":28},"end":{"line":60,"column":99}},"32":{"start":{"line":60,"column":54},"end":{"line":60,"column":98}},"33":{"start":{"line":62,"column":0},"end":{"line":68,"column":2}}},"fnMap":{"0":{"name":"(anonymous_0)","decl":{"start":{"line":1,"column":16},"end":{"line":1,"column":17}},"loc":{"start":{"line":2,"column":2},"end":{"line":2,"column":54}},"line":2},"1":{"name":"(anonymous_1)","decl":{"start":{"line":4,"column":17},"end":{"line":4,"column":18}},"loc":{"start":{"line":4,"column":27},"end":{"line":4,"column":57}},"line":4},"2":{"name":"(anonymous_2)","decl":{"start":{"line":6,"column":12},"end":{"line":6,"column":13}},"loc":{"start":{"line":6,"column":25},"end":{"line":8,"column":1}},"line":6},"3":{"name":"(anonymous_3)","decl":{"start":{"line":7,"column":21},"end":{"line":7,"column":22}},"loc":{"start":{"line":7,"column":47},"end":{"line":7,"column":75}},"line":7},"4":{"name":"(anonymous_4)","decl":{"start":{"line":10,"column":25},"end":{"line":10,"column":26}},"loc":{"start":{"line":11,"column":2},"end":{"line":15,"column":10}},"line":11},"5":{"name":"(anonymous_5)","decl":{"start":{"line":17,"column":26},"end":{"line":17,"column":27}},"loc":{"start":{"line":18,"column":0},"end":{"line":22,"column":8}},"line":18},"6":{"name":"(anonymous_6)","decl":{"start":{"line":25,"column":24},"end":{"line":25,"column":25}},"loc":{"start":{"line":25,"column":42},"end":{"line":33,"column":1}},"line":25},"7":{"name":"(anonymous_7)","decl":{"start":{"line":35,"column":22},"end":{"line":35,"column":23}},"loc":{"start":{"line":35,"column":35},"end":{"line":39,"column":1}},"line":35},"8":{"name":"(anonymous_8)","decl":{"start":{"line":41,"column":17},"end":{"line":41,"column":18}},"loc":{"start":{"line":41,"column":26},"end":{"line":58,"column":1}},"line":41},"9":{"name":"(anonymous_9)","decl":{"start":{"line":48,"column":16},"end":{"line":48,"column":17}},"loc":{"start":{"line":48,"column":33},"end":{"line":55,"column":3}},"line":48},"10":{"name":"(anonymous_10)","decl":{"start":{"line":60,"column":19},"end":{"line":60,"column":20}},"loc":{"start":{"line":60,"column":28},"end":{"line":60,"column":99}},"line":60},"11":{"name":"(anonymous_11)","decl":{"start":{"line":60,"column":38},"end":{"line":60,"column":39}},"loc":{"start":{"line":60,"column":54},"end":{"line":60,"column":98}},"line":60}},"branchMap":{"0":{"loc":{"start":{"line":2,"column":2},"end":{"line":2,"column":54}},"type":"cond-expr","locations":[{"start":{"line":2,"column":49},"end":{"line":2,"column":50}},{"start":{"line":2,"column":53},"end":{"line":2,"column":54}}],"line":2},"1":{"loc":{"start":{"line":2,"column":3},"end":{"line":2,"column":46}},"type":"binary-expr","locations":[{"start":{"line":2,"column":3},"end":{"line":2,"column":19}},{"start":{"line":2,"column":23},"end":{"line":2,"column":27}},{"start":{"line":2,"column":31},"end":{"line":2,"column":46}}],"line":2},"2":{"loc":{"start":{"line":7,"column":62},"end":{"line":7,"column":74}},"type":"binary-expr","locations":[{"start":{"line":7,"column":62},"end":{"line":7,"column":69}},{"start":{"line":7,"column":73},"end":{"line":7,"column":74}}],"line":7},"3":{"loc":{"start":{"line":11,"column":2},"end":{"line":15,"column":10}},"type":"cond-expr","locations":[{"start":{"line":11,"column":18},"end":{"line":15,"column":5}},{"start":{"line":15,"column":8},"end":{"line":15,"column":10}}],"line":11},"4":{"loc":{"start":{"line":18,"column":0},"end":{"line":22,"column":8}},"type":"cond-expr","locations":[{"start":{"line":18,"column":22},"end":{"line":22,"column":3}},{"start":{"line":22,"column":6},"end":{"line":22,"column":8}}],"line":18},"5":{"loc":{"start":{"line":49,"column":4},"end":{"line":52,"column":5}},"type":"if","locations":[{"start":{"line":49,"column":4},"end":{"line":52,"column":5}},{"start":{"line":49,"column":4},"end":{"line":52,"column":5}}],"line":49},"6":{"loc":{"start":{"line":53,"column":41},"end":{"line":53,"column":67}},"type":"cond-expr","locations":[{"start":{"line":53,"column":54},"end":{"line":53,"column":60}},{"start":{"line":53,"column":61},"end":{"line":53,"column":67}}],"line":53}},"s":{"0":1,"1":13,"2":1,"3":5,"4":1,"5":15,"6":72,"7":1,"8":15,"9":1,"10":15,"11":1,"12":15,"13":15,"14":1,"15":14,"16":14,"17":14,"18":1,"19":2,"20":2,"21":2,"22":2,"23":8,"24":4,"25":4,"26":8,"27":8,"28":2,"29":2,"30":1,"31":3,"32":9,"33":1},"f":{"0":13,"1":5,"2":15,"3":72,"4":15,"5":15,"6":15,"7":14,"8":2,"9":8,"10":3,"11":9},"b":{"0":[6,7],"1":[13,11,6],"2":[72,48],"3":[7,8],"4":[7,8],"5":[4,4],"6":[4,4]},"_coverageSchema":"43e27e138ebf9cfc5966b082cf9a028302ed4184","hash":"25ca5974210f8bff4e486a4fd6672d8f6561cce9"}
}
