{"/Users/sajad/Downloads/sideproject/Game_of_Life_Jest_TDD/game.js": {"path":"/Users/sajad/Downloads/sideproject/Game_of_Life_Jest_TDD/game.js","statementMap":{"0":{"start":{"line":1,"column":16},"end":{"line":2,"column":54}},"1":{"start":{"line":2,"column":2},"end":{"line":2,"column":54}},"2":{"start":{"line":4,"column":17},"end":{"line":4,"column":57}},"3":{"start":{"line":4,"column":27},"end":{"line":4,"column":57}},"4":{"start":{"line":6,"column":19},"end":{"line":6,"column":63}},"5":{"start":{"line":6,"column":28},"end":{"line":6,"column":63}},"6":{"start":{"line":6,"column":46},"end":{"line":6,"column":62}},"7":{"start":{"line":8,"column":0},"end":{"line":12,"column":2}}},"fnMap":{"0":{"name":"(anonymous_0)","decl":{"start":{"line":1,"column":16},"end":{"line":1,"column":17}},"loc":{"start":{"line":2,"column":2},"end":{"line":2,"column":54}},"line":2},"1":{"name":"(anonymous_1)","decl":{"start":{"line":4,"column":17},"end":{"line":4,"column":18}},"loc":{"start":{"line":4,"column":27},"end":{"line":4,"column":57}},"line":4},"2":{"name":"(anonymous_2)","decl":{"start":{"line":6,"column":19},"end":{"line":6,"column":20}},"loc":{"start":{"line":6,"column":28},"end":{"line":6,"column":63}},"line":6},"3":{"name":"(anonymous_3)","decl":{"start":{"line":6,"column":38},"end":{"line":6,"column":39}},"loc":{"start":{"line":6,"column":46},"end":{"line":6,"column":62}},"line":6}},"branchMap":{"0":{"loc":{"start":{"line":2,"column":2},"end":{"line":2,"column":54}},"type":"cond-expr","locations":[{"start":{"line":2,"column":49},"end":{"line":2,"column":50}},{"start":{"line":2,"column":53},"end":{"line":2,"column":54}}],"line":2},"1":{"loc":{"start":{"line":2,"column":3},"end":{"line":2,"column":46}},"type":"binary-expr","locations":[{"start":{"line":2,"column":3},"end":{"line":2,"column":19}},{"start":{"line":2,"column":23},"end":{"line":2,"column":27}},{"start":{"line":2,"column":31},"end":{"line":2,"column":46}}],"line":2}},"s":{"0":1,"1":9,"2":1,"3":5,"4":1,"5":2,"6":5,"7":1},"f":{"0":9,"1":5,"2":2,"3":5},"b":{"0":[2,7],"1":[9,8,3]},"_coverageSchema":"43e27e138ebf9cfc5966b082cf9a028302ed4184","hash":"8cac2f533999372fef410acf46f18e5103b272a2"}
}
