TN:
SF:/Users/sajad/Downloads/sideproject/Game_of_Life_Jest_TDD/game.js
FN:1,(anonymous_0)
FN:4,(anonymous_1)
FN:6,(anonymous_2)
FN:7,(anonymous_3)
FN:10,(anonymous_4)
FN:24,(anonymous_5)
FN:24,(anonymous_6)
FNF:7
FNH:7
FNDA:9,(anonymous_0)
FNDA:5,(anonymous_1)
FNDA:6,(anonymous_2)
FNDA:48,(anonymous_3)
FNDA:6,(anonymous_4)
FNDA:2,(anonymous_5)
FNDA:5,(anonymous_6)
DA:1,1
DA:2,9
DA:4,5
DA:6,1
DA:7,48
DA:10,1
DA:11,6
DA:12,6
DA:24,5
DA:26,1
LF:10
LH:10
BRDA:2,0,0,2
BRDA:2,0,1,7
BRDA:2,1,0,9
BRDA:2,1,1,8
BRDA:2,1,2,3
BRDA:7,2,0,48
BRDA:7,2,1,36
BRDA:13,3,0,3
BRDA:13,3,1,3
BRDA:14,4,0,3
BRDA:14,4,1,3
BRDA:16,5,0,3
BRDA:16,5,1,3
BRDA:17,6,0,3
BRDA:17,6,1,3
BRDA:19,7,0,3
BRDA:19,7,1,3
BRDA:20,8,0,3
BRDA:20,8,1,3
BRF:19
BRH:19
end_of_record
