TN:
SF:/Users/sajad/Downloads/sideproject/Game_of_Life_Jest_TDD/game.js
FN:1,(anonymous_0)
FN:4,(anonymous_1)
FN:6,(anonymous_2)
FN:7,(anonymous_3)
FN:10,(anonymous_4)
FN:17,(anonymous_5)
FN:25,(anonymous_6)
FN:35,(anonymous_7)
FN:35,(anonymous_8)
FNF:9
FNH:9
FNDA:13,(anonymous_0)
FNDA:5,(anonymous_1)
FNDA:15,(anonymous_2)
FNDA:72,(anonymous_3)
FNDA:15,(anonymous_4)
FNDA:15,(anonymous_5)
FNDA:15,(anonymous_6)
FNDA:3,(anonymous_7)
FNDA:9,(anonymous_8)
DA:1,1
DA:2,13
DA:4,5
DA:6,1
DA:7,72
DA:10,1
DA:11,15
DA:17,1
DA:18,15
DA:25,1
DA:26,15
DA:27,15
DA:35,9
DA:37,1
LF:14
LH:14
BRDA:2,0,0,6
BRDA:2,0,1,7
BRDA:2,1,0,13
BRDA:2,1,1,11
BRDA:2,1,2,6
BRDA:7,2,0,72
BRDA:7,2,1,48
BRDA:11,3,0,7
BRDA:11,3,1,8
BRDA:18,4,0,7
BRDA:18,4,1,8
BRF:11
BRH:11
end_of_record
